<?xml version="1.0" encoding="UTF-8"?>
<!-- Generated by org.testng.reporters.JUnitReportReporter -->
<testsuite hostname="Ketan" failures="0" tests="4" name="Selenium.Tests.end_to_end" time="49.775" errors="0" timestamp="2024-04-16T16:18:49 IST" skipped="0">
  <testcase classname="Selenium.Tests.end_to_end" name="OrderHistory" time="6.866"/>
  <system-out/>
  <testcase classname="Selenium.Tests.end_to_end" name="submitOrder" time="17.193"/>
  <system-out/>
  <testcase classname="Selenium.Tests.end_to_end" name="submitOrder" time="14.857"/>
  <system-out/>
  <testcase classname="Selenium.Tests.end_to_end" name="OrderHistory" time="10.859"/>
  <system-out/>
</testsuite> <!-- Selenium.Tests.end_to_end -->
